#
# There is insufficient memory for the Java Runtime Environment to continue.
# Native memory allocation (mmap) failed to map 65536 bytes for Failed to commit metaspace.
# Possible reasons:
#   The system is out of physical RAM or swap space
#   The process is running with CompressedOops enabled, and the Java Heap may be blocking the growth of the native heap
# Possible solutions:
#   Reduce memory load on the system
#   Increase physical memory or swap space
#   Check if swap backing store is full
#   Decrease Java heap size (-Xmx/-Xms)
#   Decrease number of Java threads
#   Decrease Java thread stack sizes (-Xss)
#   Set larger code cache with -XX:ReservedCodeCacheSize=
#   JVM is running with Unscaled Compressed Oops mode in which the Java heap is
#     placed in the first 4GB address space. The Java Heap base address is the
#     maximum limit for the native heap growth. Please use -XX:HeapBaseMinAddress
#     to set the Java Heap base and to place the Java Heap above 4GB virtual address.
# This output file may be truncated or incomplete.
#
#  Out of Memory Error (virtualSpaceNode.cpp:110), pid=20316, tid=5972
#
# JRE version: Java(TM) SE Runtime Environment (17.0.10+11) (build 17.0.10+11-LTS-240)
# Java VM: Java HotSpot(TM) 64-Bit Server VM (17.0.10+11-LTS-240, mixed mode, tiered, compressed oops, compressed class ptrs, g1 gc, windows-amd64)
# No core dump will be written. Minidumps are not enabled by default on client versions of Windows
#

---------------  S U M M A R Y ------------

Command Line: -Dfile.encoding=UTF-8 -Dstdout.encoding=UTF-8 -Dstderr.encoding=UTF-8 --module-path=C:\Users\Computers\eclipse-workspace\SnakeGame\bin -XX:+ShowCodeDetailsInExceptionMessages -Djdk.module.main=SnakeGame SnakeGame/snake.Snakegame

Host: AMD Ryzen 5 2500U with Radeon Vega Mobile Gfx  , 8 cores, 6G,  Windows 10 , 64 bit Build 19041 (10.0.19041.3636)
Time: Fri Apr 26 15:46:03 2024 India Standard Time elapsed time: 0.124903 seconds (0d 0h 0m 0s)

---------------  T H R E A D  ---------------

Current thread (0x0000025bd5472ab0):  JavaThread "main" [_thread_in_vm, id=5972, stack(0x00000096b7b00000,0x00000096b7c00000)]

Stack: [0x00000096b7b00000,0x00000096b7c00000]
Native frames: (J=compiled Java code, j=interpreted, Vv=VM code, C=native code)
V  [jvm.dll+0x677a5a]
V  [jvm.dll+0x7d8b2d]
V  [jvm.dll+0x7da48e]
V  [jvm.dll+0x7daaf3]
V  [jvm.dll+0x2455ff]
V  [jvm.dll+0x7d483b]
V  [jvm.dll+0x61dc06]
V  [jvm.dll+0x61dc6a]
V  [jvm.dll+0x62049d]
V  [jvm.dll+0x61e5c6]
V  [jvm.dll+0x23b031]
V  [jvm.dll+0x1e9d67]
V  [jvm.dll+0x1dfa01]
V  [jvm.dll+0x53d58c]
V  [jvm.dll+0x1f031a]
V  [jvm.dll+0x75284d]
V  [jvm.dll+0x753c46]
V  [jvm.dll+0x753f78]
V  [jvm.dll+0x23d99b]
V  [jvm.dll+0x23dbef]
V  [jvm.dll+0x55b998]
V  [jvm.dll+0x55e867]
V  [jvm.dll+0x3815ee]
V  [jvm.dll+0x380c5f]
C  0x0000025be427a582

Java frames: (J=compiled Java code, j=interpreted, Vv=VM code)
j  jdk.internal.module.ModuleBootstrap.boot2()Ljava/lang/ModuleLayer;+352 java.base
j  jdk.internal.module.ModuleBootstrap.boot()Ljava/lang/ModuleLayer;+64 java.base
j  java.lang.System.initPhase2(ZZ)I+0 java.base
v  ~StubRoutines::call_stub

---------------  P R O C E S S  ---------------

Threads class SMR info:
_java_thread_list=0x0000025b84118f10, length=10, elements={
0x0000025bd5472ab0, 0x0000025bf2c39c50, 0x0000025bf2c6ae90, 0x0000025bf2c85b40,
0x0000025bf2c87520, 0x0000025b84126fd0, 0x0000025b841278a0, 0x0000025b8411fbf0,
0x0000025bf2c8eae0, 0x0000025bf2c9a370
}

Java Threads: ( => current thread )
=>0x0000025bd5472ab0 JavaThread "main" [_thread_in_vm, id=5972, stack(0x00000096b7b00000,0x00000096b7c00000)]
  0x0000025bf2c39c50 JavaThread "Reference Handler" daemon [_thread_blocked, id=23064, stack(0x00000096b8200000,0x00000096b8300000)]
  0x0000025bf2c6ae90 JavaThread "Finalizer" daemon [_thread_blocked, id=22420, stack(0x00000096b8300000,0x00000096b8400000)]
  0x0000025bf2c85b40 JavaThread "Signal Dispatcher" daemon [_thread_blocked, id=23352, stack(0x00000096b8400000,0x00000096b8500000)]
  0x0000025bf2c87520 JavaThread "Attach Listener" daemon [_thread_blocked, id=24292, stack(0x00000096b8500000,0x00000096b8600000)]
  0x0000025b84126fd0 JavaThread "Service Thread" daemon [_thread_blocked, id=20464, stack(0x00000096b8600000,0x00000096b8700000)]
  0x0000025b841278a0 JavaThread "Monitor Deflation Thread" daemon [_thread_blocked, id=24000, stack(0x00000096b8700000,0x00000096b8800000)]
  0x0000025b8411fbf0 JavaThread "C2 CompilerThread0" daemon [_thread_blocked, id=21132, stack(0x00000096b8800000,0x00000096b8900000)]
  0x0000025bf2c8eae0 JavaThread "C1 CompilerThread0" daemon [_thread_blocked, id=21588, stack(0x00000096b8900000,0x00000096b8a00000)]
  0x0000025bf2c9a370 JavaThread "Sweeper thread" daemon [_thread_blocked, id=5244, stack(0x00000096b8a00000,0x00000096b8b00000)]

Other Threads:
  0x0000025bf2c53050 VMThread "VM Thread" [stack: 0x00000096b8100000,0x00000096b8200000] [id=1436]
  0x0000025bd54c4880 GCTaskThread "GC Thread#0" [stack: 0x00000096b7c00000,0x00000096b7d00000] [id=24068]
  0x0000025bd54d5410 ConcurrentGCThread "G1 Main Marker" [stack: 0x00000096b7d00000,0x00000096b7e00000] [id=25464]
  0x0000025bd54d64d0 ConcurrentGCThread "G1 Conc#0" [stack: 0x00000096b7e00000,0x00000096b7f00000] [id=26124]
  0x0000025bd554d6b0 ConcurrentGCThread "G1 Refine#0" [stack: 0x00000096b7f00000,0x00000096b8000000] [id=9016]
  0x0000025bd554dff0 ConcurrentGCThread "G1 Service" [stack: 0x00000096b8000000,0x00000096b8100000] [id=12988]

Threads with active compile tasks:

VM state: not at safepoint (normal execution)

VM Mutex/Monitor currently owned by a thread:  ([mutex/lock_event])
[0x0000025bd546cbb0] Metaspace_lock - owner thread: 0x0000025bd5472ab0

Heap address: 0x0000000091800000, size: 1768 MB, Compressed Oops mode: 32-bit

CDS archive(s) not mapped
Compressed class space mapped at: 0x0000000100000000-0x0000000140000000, reserved size: 1073741824
Narrow klass base: 0x0000000000000000, Narrow klass shift: 3, Narrow klass range: 0x140000000

GC Precious Log:
 CPUs: 8 total, 8 available
 Memory: 7068M
 Large Page Support: Disabled
 NUMA Support: Disabled
 Compressed Oops: Enabled (32-bit)
 Heap Region Size: 1M
 Heap Min Capacity: 8M
 Heap Initial Capacity: 112M
 Heap Max Capacity: 1768M
 Pre-touch: Disabled
 Parallel Workers: 8
 Concurrent Workers: 2
 Concurrent Refinement Workers: 8
 Periodic GC: Disabled

Heap:
 garbage-first heap   total 114688K, used 0K [0x0000000091800000, 0x0000000100000000)
  region size 1024K, 1 young (1024K), 0 survivors (0K)
 Metaspace       used 3323K, committed 3328K, reserved 1114112K
  class space    used 252K, committed 256K, reserved 1048576K

Heap Regions: E=young(eden), S=young(survivor), O=old, HS=humongous(starts), HC=humongous(continues), CS=collection set, F=free, OA=open archive, CA=closed archive, TAMS=top-at-mark-start (previous, next)
|   0|0x0000000091800000, 0x0000000091800000, 0x0000000091900000|  0%| F|  |TAMS 0x0000000091800000, 0x0000000091800000| Untracked 
|   1|0x0000000091900000, 0x0000000091900000, 0x0000000091a00000|  0%| F|  |TAMS 0x0000000091900000, 0x0000000091900000| Untracked 
|   2|0x0000000091a00000, 0x0000000091a00000, 0x0000000091b00000|  0%| F|  |TAMS 0x0000000091a00000, 0x0000000091a00000| Untracked 
|   3|0x0000000091b00000, 0x0000000091b00000, 0x0000000091c00000|  0%| F|  |TAMS 0x0000000091b00000, 0x0000000091b00000| Untracked 
|   4|0x0000000091c00000, 0x0000000091c00000, 0x0000000091d00000|  0%| F|  |TAMS 0x0000000091c00000, 0x0000000091c00000| Untracked 
|   5|0x0000000091d00000, 0x0000000091d00000, 0x0000000091e00000|  0%| F|  |TAMS 0x0000000091d00000, 0x0000000091d00000| Untracked 
|   6|0x0000000091e00000, 0x0000000091e00000, 0x0000000091f00000|  0%| F|  |TAMS 0x0000000091e00000, 0x0000000091e00000| Untracked 
|   7|0x0000000091f00000, 0x0000000091f00000, 0x0000000092000000|  0%| F|  |TAMS 0x0000000091f00000, 0x0000000091f00000| Untracked 
|   8|0x0000000092000000, 0x0000000092000000, 0x0000000092100000|  0%| F|  |TAMS 0x0000000092000000, 0x0000000092000000| Untracked 
|   9|0x0000000092100000, 0x0000000092100000, 0x0000000092200000|  0%| F|  |TAMS 0x0000000092100000, 0x0000000092100000| Untracked 
|  10|0x0000000092200000, 0x0000000092200000, 0x0000000092300000|  0%| F|  |TAMS 0x0000000092200000, 0x0000000092200000| Untracked 
|  11|0x0000000092300000, 0x0000000092300000, 0x0000000092400000|  0%| F|  |TAMS 0x0000000092300000, 0x0000000092300000| Untracked 
|  12|0x0000000092400000, 0x0000000092400000, 0x0000000092500000|  0%| F|  |TAMS 0x0000000092400000, 0x0000000092400000| Untracked 
|  13|0x0000000092500000, 0x0000000092500000, 0x0000000092600000|  0%| F|  |TAMS 0x0000000092500000, 0x0000000092500000| Untracked 
|  14|0x0000000092600000, 0x0000000092600000, 0x0000000092700000|  0%| F|  |TAMS 0x0000000092600000, 0x0000000092600000| Untracked 
|  15|0x0000000092700000, 0x0000000092700000, 0x0000000092800000|  0%| F|  |TAMS 0x0000000092700000, 0x0000000092700000| Untracked 
|  16|0x0000000092800000, 0x0000000092800000, 0x0000000092900000|  0%| F|  |TAMS 0x0000000092800000, 0x0000000092800000| Untracked 
|  17|0x0000000092900000, 0x0000000092900000, 0x0000000092a00000|  0%| F|  |TAMS 0x0000000092900000, 0x0000000092900000| Untracked 
|  18|0x0000000092a00000, 0x0000000092a00000, 0x0000000092b00000|  0%| F|  |TAMS 0x0000000092a00000, 0x0000000092a00000| Untracked 
|  19|0x0000000092b00000, 0x0000000092b00000, 0x0000000092c00000|  0%| F|  |TAMS 0x0000000092b00000, 0x0000000092b00000| Untracked 
|  20|0x0000000092c00000, 0x0000000092c00000, 0x0000000092d00000|  0%| F|  |TAMS 0x0000000092c00000, 0x0000000092c00000| Untracked 
|  21|0x0000000092d00000, 0x0000000092d00000, 0x0000000092e00000|  0%| F|  |TAMS 0x0000000092d00000, 0x0000000092d00000| Untracked 
|  22|0x0000000092e00000, 0x0000000092e00000, 0x0000000092f00000|  0%| F|  |TAMS 0x0000000092e00000, 0x0000000092e00000| Untracked 
|  23|0x0000000092f00000, 0x0000000092f00000, 0x0000000093000000|  0%| F|  |TAMS 0x0000000092f00000, 0x0000000092f00000| Untracked 
|  24|0x0000000093000000, 0x0000000093000000, 0x0000000093100000|  0%| F|  |TAMS 0x0000000093000000, 0x0000000093000000| Untracked 
|  25|0x0000000093100000, 0x0000000093100000, 0x0000000093200000|  0%| F|  |TAMS 0x0000000093100000, 0x0000000093100000| Untracked 
|  26|0x0000000093200000, 0x0000000093200000, 0x0000000093300000|  0%| F|  |TAMS 0x0000000093200000, 0x0000000093200000| Untracked 
|  27|0x0000000093300000, 0x0000000093300000, 0x0000000093400000|  0%| F|  |TAMS 0x0000000093300000, 0x0000000093300000| Untracked 
|  28|0x0000000093400000, 0x0000000093400000, 0x0000000093500000|  0%| F|  |TAMS 0x0000000093400000, 0x0000000093400000| Untracked 
|  29|0x0000000093500000, 0x0000000093500000, 0x0000000093600000|  0%| F|  |TAMS 0x0000000093500000, 0x0000000093500000| Untracked 
|  30|0x0000000093600000, 0x0000000093600000, 0x0000000093700000|  0%| F|  |TAMS 0x0000000093600000, 0x0000000093600000| Untracked 
|  31|0x0000000093700000, 0x0000000093700000, 0x0000000093800000|  0%| F|  |TAMS 0x0000000093700000, 0x0000000093700000| Untracked 
|  32|0x0000000093800000, 0x0000000093800000, 0x0000000093900000|  0%| F|  |TAMS 0x0000000093800000, 0x0000000093800000| Untracked 
|  33|0x0000000093900000, 0x0000000093900000, 0x0000000093a00000|  0%| F|  |TAMS 0x0000000093900000, 0x0000000093900000| Untracked 
|  34|0x0000000093a00000, 0x0000000093a00000, 0x0000000093b00000|  0%| F|  |TAMS 0x0000000093a00000, 0x0000000093a00000| Untracked 
|  35|0x0000000093b00000, 0x0000000093b00000, 0x0000000093c00000|  0%| F|  |TAMS 0x0000000093b00000, 0x0000000093b00000| Untracked 
|  36|0x0000000093c00000, 0x0000000093c00000, 0x0000000093d00000|  0%| F|  |TAMS 0x0000000093c00000, 0x0000000093c00000| Untracked 
|  37|0x0000000093d00000, 0x0000000093d00000, 0x0000000093e00000|  0%| F|  |TAMS 0x0000000093d00000, 0x0000000093d00000| Untracked 
|  38|0x0000000093e00000, 0x0000000093e00000, 0x0000000093f00000|  0%| F|  |TAMS 0x0000000093e00000, 0x0000000093e00000| Untracked 
|  39|0x0000000093f00000, 0x0000000093f00000, 0x0000000094000000|  0%| F|  |TAMS 0x0000000093f00000, 0x0000000093f00000| Untracked 
|  40|0x0000000094000000, 0x0000000094000000, 0x0000000094100000|  0%| F|  |TAMS 0x0000000094000000, 0x0000000094000000| Untracked 
|  41|0x0000000094100000, 0x0000000094100000, 0x0000000094200000|  0%| F|  |TAMS 0x0000000094100000, 0x0000000094100000| Untracked 
|  42|0x0000000094200000, 0x0000000094200000, 0x0000000094300000|  0%| F|  |TAMS 0x0000000094200000, 0x0000000094200000| Untracked 
|  43|0x0000000094300000, 0x0000000094300000, 0x0000000094400000|  0%| F|  |TAMS 0x0000000094300000, 0x0000000094300000| Untracked 
|  44|0x0000000094400000, 0x0000000094400000, 0x0000000094500000|  0%| F|  |TAMS 0x0000000094400000, 0x0000000094400000| Untracked 
|  45|0x0000000094500000, 0x0000000094500000, 0x0000000094600000|  0%| F|  |TAMS 0x0000000094500000, 0x0000000094500000| Untracked 
|  46|0x0000000094600000, 0x0000000094600000, 0x0000000094700000|  0%| F|  |TAMS 0x0000000094600000, 0x0000000094600000| Untracked 
|  47|0x0000000094700000, 0x0000000094700000, 0x0000000094800000|  0%| F|  |TAMS 0x0000000094700000, 0x0000000094700000| Untracked 
|  48|0x0000000094800000, 0x0000000094800000, 0x0000000094900000|  0%| F|  |TAMS 0x0000000094800000, 0x0000000094800000| Untracked 
|  49|0x0000000094900000, 0x0000000094900000, 0x0000000094a00000|  0%| F|  |TAMS 0x0000000094900000, 0x0000000094900000| Untracked 
|  50|0x0000000094a00000, 0x0000000094a00000, 0x0000000094b00000|  0%| F|  |TAMS 0x0000000094a00000, 0x0000000094a00000| Untracked 
|  51|0x0000000094b00000, 0x0000000094b00000, 0x0000000094c00000|  0%| F|  |TAMS 0x0000000094b00000, 0x0000000094b00000| Untracked 
|  52|0x0000000094c00000, 0x0000000094c00000, 0x0000000094d00000|  0%| F|  |TAMS 0x0000000094c00000, 0x0000000094c00000| Untracked 
|  53|0x0000000094d00000, 0x0000000094d00000, 0x0000000094e00000|  0%| F|  |TAMS 0x0000000094d00000, 0x0000000094d00000| Untracked 
|  54|0x0000000094e00000, 0x0000000094e00000, 0x0000000094f00000|  0%| F|  |TAMS 0x0000000094e00000, 0x0000000094e00000| Untracked 
|  55|0x0000000094f00000, 0x0000000094f00000, 0x0000000095000000|  0%| F|  |TAMS 0x0000000094f00000, 0x0000000094f00000| Untracked 
|  56|0x0000000095000000, 0x0000000095000000, 0x0000000095100000|  0%| F|  |TAMS 0x0000000095000000, 0x0000000095000000| Untracked 
|  57|0x0000000095100000, 0x0000000095100000, 0x0000000095200000|  0%| F|  |TAMS 0x0000000095100000, 0x0000000095100000| Untracked 
|  58|0x0000000095200000, 0x0000000095200000, 0x0000000095300000|  0%| F|  |TAMS 0x0000000095200000, 0x0000000095200000| Untracked 
|  59|0x0000000095300000, 0x0000000095300000, 0x0000000095400000|  0%| F|  |TAMS 0x0000000095300000, 0x0000000095300000| Untracked 
|  60|0x0000000095400000, 0x0000000095400000, 0x0000000095500000|  0%| F|  |TAMS 0x0000000095400000, 0x0000000095400000| Untracked 
|  61|0x0000000095500000, 0x0000000095500000, 0x0000000095600000|  0%| F|  |TAMS 0x0000000095500000, 0x0000000095500000| Untracked 
|  62|0x0000000095600000, 0x0000000095600000, 0x0000000095700000|  0%| F|  |TAMS 0x0000000095600000, 0x0000000095600000| Untracked 
|  63|0x0000000095700000, 0x0000000095700000, 0x0000000095800000|  0%| F|  |TAMS 0x0000000095700000, 0x0000000095700000| Untracked 
|  64|0x0000000095800000, 0x0000000095800000, 0x0000000095900000|  0%| F|  |TAMS 0x0000000095800000, 0x0000000095800000| Untracked 
|  65|0x0000000095900000, 0x0000000095900000, 0x0000000095a00000|  0%| F|  |TAMS 0x0000000095900000, 0x0000000095900000| Untracked 
|  66|0x0000000095a00000, 0x0000000095a00000, 0x0000000095b00000|  0%| F|  |TAMS 0x0000000095a00000, 0x0000000095a00000| Untracked 
|  67|0x0000000095b00000, 0x0000000095b00000, 0x0000000095c00000|  0%| F|  |TAMS 0x0000000095b00000, 0x0000000095b00000| Untracked 
|  68|0x0000000095c00000, 0x0000000095c00000, 0x0000000095d00000|  0%| F|  |TAMS 0x0000000095c00000, 0x0000000095c00000| Untracked 
|  69|0x0000000095d00000, 0x0000000095d00000, 0x0000000095e00000|  0%| F|  |TAMS 0x0000000095d00000, 0x0000000095d00000| Untracked 
|  70|0x0000000095e00000, 0x0000000095e00000, 0x0000000095f00000|  0%| F|  |TAMS 0x0000000095e00000, 0x0000000095e00000| Untracked 
|  71|0x0000000095f00000, 0x0000000095f00000, 0x0000000096000000|  0%| F|  |TAMS 0x0000000095f00000, 0x0000000095f00000| Untracked 
|  72|0x0000000096000000, 0x0000000096000000, 0x0000000096100000|  0%| F|  |TAMS 0x0000000096000000, 0x0000000096000000| Untracked 
|  73|0x0000000096100000, 0x0000000096100000, 0x0000000096200000|  0%| F|  |TAMS 0x0000000096100000, 0x0000000096100000| Untracked 
|  74|0x0000000096200000, 0x0000000096200000, 0x0000000096300000|  0%| F|  |TAMS 0x0000000096200000, 0x0000000096200000| Untracked 
|  75|0x0000000096300000, 0x0000000096300000, 0x0000000096400000|  0%| F|  |TAMS 0x0000000096300000, 0x0000000096300000| Untracked 
|  76|0x0000000096400000, 0x0000000096400000, 0x0000000096500000|  0%| F|  |TAMS 0x0000000096400000, 0x0000000096400000| Untracked 
|  77|0x0000000096500000, 0x0000000096500000, 0x0000000096600000|  0%| F|  |TAMS 0x0000000096500000, 0x0000000096500000| Untracked 
|  78|0x0000000096600000, 0x0000000096600000, 0x0000000096700000|  0%| F|  |TAMS 0x0000000096600000, 0x0000000096600000| Untracked 
|  79|0x0000000096700000, 0x0000000096700000, 0x0000000096800000|  0%| F|  |TAMS 0x0000000096700000, 0x0000000096700000| Untracked 
|  80|0x0000000096800000, 0x0000000096800000, 0x0000000096900000|  0%| F|  |TAMS 0x0000000096800000, 0x0000000096800000| Untracked 
|  81|0x0000000096900000, 0x0000000096900000, 0x0000000096a00000|  0%| F|  |TAMS 0x0000000096900000, 0x0000000096900000| Untracked 
|  82|0x0000000096a00000, 0x0000000096a00000, 0x0000000096b00000|  0%| F|  |TAMS 0x0000000096a00000, 0x0000000096a00000| Untracked 
|  83|0x0000000096b00000, 0x0000000096b00000, 0x0000000096c00000|  0%| F|  |TAMS 0x0000000096b00000, 0x0000000096b00000| Untracked 
|  84|0x0000000096c00000, 0x0000000096c00000, 0x0000000096d00000|  0%| F|  |TAMS 0x0000000096c00000, 0x0000000096c00000| Untracked 
|  85|0x0000000096d00000, 0x0000000096d00000, 0x0000000096e00000|  0%| F|  |TAMS 0x0000000096d00000, 0x0000000096d00000| Untracked 
|  86|0x0000000096e00000, 0x0000000096e00000, 0x0000000096f00000|  0%| F|  |TAMS 0x0000000096e00000, 0x0000000096e00000| Untracked 
|  87|0x0000000096f00000, 0x0000000096f00000, 0x0000000097000000|  0%| F|  |TAMS 0x0000000096f00000, 0x0000000096f00000| Untracked 
|  88|0x0000000097000000, 0x0000000097000000, 0x0000000097100000|  0%| F|  |TAMS 0x0000000097000000, 0x0000000097000000| Untracked 
|  89|0x0000000097100000, 0x0000000097100000, 0x0000000097200000|  0%| F|  |TAMS 0x0000000097100000, 0x0000000097100000| Untracked 
|  90|0x0000000097200000, 0x0000000097200000, 0x0000000097300000|  0%| F|  |TAMS 0x0000000097200000, 0x0000000097200000| Untracked 
|  91|0x0000000097300000, 0x0000000097300000, 0x0000000097400000|  0%| F|  |TAMS 0x0000000097300000, 0x0000000097300000| Untracked 
|  92|0x0000000097400000, 0x0000000097400000, 0x0000000097500000|  0%| F|  |TAMS 0x0000000097400000, 0x0000000097400000| Untracked 
|  93|0x0000000097500000, 0x0000000097500000, 0x0000000097600000|  0%| F|  |TAMS 0x0000000097500000, 0x0000000097500000| Untracked 
|  94|0x0000000097600000, 0x0000000097600000, 0x0000000097700000|  0%| F|  |TAMS 0x0000000097600000, 0x0000000097600000| Untracked 
|  95|0x0000000097700000, 0x0000000097700000, 0x0000000097800000|  0%| F|  |TAMS 0x0000000097700000, 0x0000000097700000| Untracked 
|  96|0x0000000097800000, 0x0000000097800000, 0x0000000097900000|  0%| F|  |TAMS 0x0000000097800000, 0x0000000097800000| Untracked 
|  97|0x0000000097900000, 0x0000000097900000, 0x0000000097a00000|  0%| F|  |TAMS 0x0000000097900000, 0x0000000097900000| Untracked 
|  98|0x0000000097a00000, 0x0000000097a00000, 0x0000000097b00000|  0%| F|  |TAMS 0x0000000097a00000, 0x0000000097a00000| Untracked 
|  99|0x0000000097b00000, 0x0000000097b00000, 0x0000000097c00000|  0%| F|  |TAMS 0x0000000097b00000, 0x0000000097b00000| Untracked 
| 100|0x0000000097c00000, 0x0000000097c00000, 0x0000000097d00000|  0%| F|  |TAMS 0x0000000097c00000, 0x0000000097c00000| Untracked 
| 101|0x0000000097d00000, 0x0000000097d00000, 0x0000000097e00000|  0%| F|  |TAMS 0x0000000097d00000, 0x0000000097d00000| Untracked 
| 102|0x0000000097e00000, 0x0000000097e00000, 0x0000000097f00000|  0%| F|  |TAMS 0x0000000097e00000, 0x0000000097e00000| Untracked 
| 103|0x0000000097f00000, 0x0000000097f00000, 0x0000000098000000|  0%| F|  |TAMS 0x0000000097f00000, 0x0000000097f00000| Untracked 
| 104|0x0000000098000000, 0x0000000098000000, 0x0000000098100000|  0%| F|  |TAMS 0x0000000098000000, 0x0000000098000000| Untracked 
| 105|0x0000000098100000, 0x0000000098100000, 0x0000000098200000|  0%| F|  |TAMS 0x0000000098100000, 0x0000000098100000| Untracked 
| 106|0x0000000098200000, 0x0000000098200000, 0x0000000098300000|  0%| F|  |TAMS 0x0000000098200000, 0x0000000098200000| Untracked 
| 107|0x0000000098300000, 0x0000000098300000, 0x0000000098400000|  0%| F|  |TAMS 0x0000000098300000, 0x0000000098300000| Untracked 
| 108|0x0000000098400000, 0x0000000098400000, 0x0000000098500000|  0%| F|  |TAMS 0x0000000098400000, 0x0000000098400000| Untracked 
| 109|0x0000000098500000, 0x0000000098500000, 0x0000000098600000|  0%| F|  |TAMS 0x0000000098500000, 0x0000000098500000| Untracked 
| 110|0x0000000098600000, 0x0000000098600000, 0x0000000098700000|  0%| F|  |TAMS 0x0000000098600000, 0x0000000098600000| Untracked 
| 111|0x0000000098700000, 0x00000000987eb988, 0x0000000098800000| 92%| E|  |TAMS 0x0000000098700000, 0x0000000098700000| Complete 

Card table byte_map: [0x0000025bec3e0000,0x0000025bec760000] _byte_map_base: 0x0000025bebf54000

Marking Bits (Prev, Next): (CMBitMap*) 0x0000025bd54c4db0, (CMBitMap*) 0x0000025bd54c4df0
 Prev Bits: [0x0000025becae0000, 0x0000025bee680000)
 Next Bits: [0x0000025bee680000, 0x0000025bf0220000)

Polling page: 0x0000025bd33e0000

Metaspace:

Usage:
  Non-class:      3.00 MB used.
      Class:    252.41 KB used.
       Both:      3.25 MB used.

Virtual space:
  Non-class space:       64.00 MB reserved,       3.00 MB (  5%) committed,  1 nodes.
      Class space:        1.00 GB reserved,     256.00 KB ( <1%) committed,  1 nodes.
             Both:        1.06 GB reserved,       3.25 MB ( <1%) committed. 

Chunk freelists:
   Non-Class:  12.00 MB
       Class:  15.75 MB
        Both:  27.75 MB

MaxMetaspaceSize: unlimited
CompressedClassSpaceSize: 1.00 GB
Initial GC threshold: 21.00 MB
Current GC threshold: 21.00 MB
CDS: off
MetaspaceReclaimPolicy: balanced
 - commit_granule_bytes: 65536.
 - commit_granule_words: 8192.
 - virtual_space_node_default_size: 8388608.
 - enlarge_chunks_in_place: 1.
 - new_chunks_are_fully_committed: 0.
 - uncommit_free_chunks: 1.
 - use_allocation_guard: 0.
 - handle_deallocations: 1.


Internal statistics:

num_allocs_failed_limit: 0.
num_arena_births: 2.
num_arena_deaths: 0.
num_vsnodes_births: 2.
num_vsnodes_deaths: 0.
num_space_committed: 52.
num_space_uncommitted: 0.
num_chunks_returned_to_freelist: 0.
num_chunks_taken_from_freelist: 3.
num_chunk_merges: 0.
num_chunk_splits: 2.
num_chunks_enlarged: 0.
num_inconsistent_stats: 0.

CodeHeap 'non-profiled nmethods': size=120000Kb used=2Kb max_used=2Kb free=119997Kb
 bounds [0x0000025be4800000, 0x0000025be4a70000, 0x0000025bebd30000]
CodeHeap 'profiled nmethods': size=120000Kb used=30Kb max_used=30Kb free=119969Kb
 bounds [0x0000025bdcd30000, 0x0000025bdcfa0000, 0x0000025be4260000]
CodeHeap 'non-nmethods': size=5760Kb used=1025Kb max_used=1038Kb free=4734Kb
 bounds [0x0000025be4260000, 0x0000025be44d0000, 0x0000025be4800000]
 total_blobs=301 nmethods=25 adapters=189
 compilation: enabled
              stopped_count=0, restarted_count=0
 full_count=0

Compilation events (20 events):
Event: 0.115 Thread 0x0000025bf2c8eae0 nmethod 15 0x0000025bdcd34a10 code [0x0000025bdcd34be0, 0x0000025bdcd34ee8]
Event: 0.115 Thread 0x0000025bf2c8eae0   17       3       java.util.AbstractCollection::<init> (5 bytes)
Event: 0.115 Thread 0x0000025bf2c8eae0 nmethod 17 0x0000025bdcd35010 code [0x0000025bdcd351a0, 0x0000025bdcd352f8]
Event: 0.115 Thread 0x0000025bf2c8eae0   18       3       java.util.ImmutableCollections$AbstractImmutableCollection::<init> (5 bytes)
Event: 0.116 Thread 0x0000025bf2c8eae0 nmethod 18 0x0000025bdcd35390 code [0x0000025bdcd35540, 0x0000025bdcd356f8]
Event: 0.116 Thread 0x0000025bf2c8eae0   19       3       java.util.ImmutableCollections$AbstractImmutableSet::<init> (5 bytes)
Event: 0.116 Thread 0x0000025bf2c8eae0 nmethod 19 0x0000025bdcd35810 code [0x0000025bdcd359c0, 0x0000025bdcd35bf8]
Event: 0.116 Thread 0x0000025bf2c8eae0   20       3       java.util.Set::of (68 bytes)
Event: 0.117 Thread 0x0000025bf2c8eae0 nmethod 20 0x0000025bdcd35d10 code [0x0000025bdcd35f40, 0x0000025bdcd36748]
Event: 0.119 Thread 0x0000025b8411fbf0 nmethod 16 0x0000025be4800010 code [0x0000025be4800180, 0x0000025be48002f8]
Event: 0.120 Thread 0x0000025bf2c8eae0   21       3       java.lang.String::coder (15 bytes)
Event: 0.120 Thread 0x0000025bf2c8eae0 nmethod 21 0x0000025bdcd36a10 code [0x0000025bdcd36ba0, 0x0000025bdcd36cd8]
Event: 0.120 Thread 0x0000025bf2c8eae0   22       3       java.lang.String::length (11 bytes)
Event: 0.120 Thread 0x0000025bf2c8eae0 nmethod 22 0x0000025bdcd36d90 code [0x0000025bdcd36f20, 0x0000025bdcd370b8]
Event: 0.120 Thread 0x0000025bf2c8eae0   23       1       java.lang.module.ModuleDescriptor::name (5 bytes)
Event: 0.120 Thread 0x0000025bf2c8eae0 nmethod 23 0x0000025be4800410 code [0x0000025be48005a0, 0x0000025be4800678]
Event: 0.121 Thread 0x0000025bf2c8eae0   24       1       java.lang.module.ModuleReference::descriptor (5 bytes)
Event: 0.121 Thread 0x0000025bf2c8eae0 nmethod 24 0x0000025be4800710 code [0x0000025be48008a0, 0x0000025be4800978]
Event: 0.121 Thread 0x0000025bf2c8eae0   25       3       java.net.URI::hash (33 bytes)
Event: 0.121 Thread 0x0000025bf2c8eae0 nmethod 25 0x0000025bdcd37190 code [0x0000025bdcd37380, 0x0000025bdcd37818]

GC Heap History (0 events):
No events

Deoptimization events (0 events):
No events

Classes unloaded (0 events):
No events

Classes redefined (0 events):
No events

Internal exceptions (0 events):
No events

VM Operations (0 events):
No events

Events (20 events):
Event: 0.117 loading class jdk/internal/module/ModuleHashes$Builder done
Event: 0.118 loading class java/util/Collections$UnmodifiableMap
Event: 0.118 loading class java/util/Collections$UnmodifiableMap done
Event: 0.119 loading class jdk/internal/module/ModuleResolution
Event: 0.119 loading class jdk/internal/module/ModuleResolution done
Event: 0.119 loading class java/lang/module/ModuleReference
Event: 0.119 loading class java/lang/module/ModuleReference done
Event: 0.119 loading class jdk/internal/module/SystemModuleFinders$2
Event: 0.119 loading class java/util/function/Supplier
Event: 0.119 loading class java/util/function/Supplier done
Event: 0.119 loading class jdk/internal/module/SystemModuleFinders$2 done
Event: 0.119 loading class jdk/internal/module/ModuleReferenceImpl
Event: 0.119 loading class jdk/internal/module/ModuleReferenceImpl done
Event: 0.119 loading class jdk/internal/module/SystemModuleFinders$3
Event: 0.119 loading class jdk/internal/module/ModuleHashes$HashSupplier
Event: 0.120 loading class jdk/internal/module/ModuleHashes$HashSupplier done
Event: 0.120 loading class jdk/internal/module/SystemModuleFinders$3 done
Event: 0.120 loading class jdk/internal/module/SystemModuleFinders$SystemModuleFinder
Event: 0.120 loading class jdk/internal/module/SystemModuleFinders$SystemModuleFinder done
Event: 0.121 loading class jdk/internal/loader/BootLoader


Dynamic libraries:
0x00007ff7bdbe0000 - 0x00007ff7bdbf0000 	C:\Program Files\Java\jdk-17\bin\javaw.exe
0x00007ffc8ec10000 - 0x00007ffc8ee08000 	C:\WINDOWS\SYSTEM32\ntdll.dll
0x00007ffc8da10000 - 0x00007ffc8dacd000 	C:\WINDOWS\System32\KERNEL32.DLL
0x00007ffc8c370000 - 0x00007ffc8c666000 	C:\WINDOWS\System32\KERNELBASE.dll
0x00007ffc8ca10000 - 0x00007ffc8cb10000 	C:\WINDOWS\System32\ucrtbase.dll
0x00007ffc77590000 - 0x00007ffc775ab000 	C:\Program Files\Java\jdk-17\bin\VCRUNTIME140.dll
0x00007ffc84a60000 - 0x00007ffc84a79000 	C:\Program Files\Java\jdk-17\bin\jli.dll
0x00007ffc8cca0000 - 0x00007ffc8cd50000 	C:\WINDOWS\System32\ADVAPI32.dll
0x00007ffc8df70000 - 0x00007ffc8e00e000 	C:\WINDOWS\System32\msvcrt.dll
0x00007ffc8e1a0000 - 0x00007ffc8e240000 	C:\WINDOWS\System32\sechost.dll
0x00007ffc8e010000 - 0x00007ffc8e133000 	C:\WINDOWS\System32\RPCRT4.dll
0x00007ffc8c6c0000 - 0x00007ffc8c6e7000 	C:\WINDOWS\System32\bcrypt.dll
0x00007ffc8dad0000 - 0x00007ffc8dc6f000 	C:\WINDOWS\System32\USER32.dll
0x00007ffc71e60000 - 0x00007ffc720fa000 	C:\WINDOWS\WinSxS\amd64_microsoft.windows.common-controls_6595b64144ccf1df_6.0.19041.3636_none_60b6a03d71f818d5\COMCTL32.dll
0x00007ffc8cc10000 - 0x00007ffc8cc32000 	C:\WINDOWS\System32\win32u.dll
0x00007ffc8ea70000 - 0x00007ffc8ea9b000 	C:\WINDOWS\System32\GDI32.dll
0x00007ffc8c8f0000 - 0x00007ffc8ca07000 	C:\WINDOWS\System32\gdi32full.dll
0x00007ffc8c6f0000 - 0x00007ffc8c78d000 	C:\WINDOWS\System32\msvcp_win.dll
0x00007ffc83ea0000 - 0x00007ffc83eaa000 	C:\WINDOWS\SYSTEM32\VERSION.dll
0x00007ffc8dda0000 - 0x00007ffc8ddd2000 	C:\WINDOWS\System32\IMM32.DLL
0x00007ffc80d80000 - 0x00007ffc80d8c000 	C:\Program Files\Java\jdk-17\bin\vcruntime140_1.dll
0x00007ffc6d3f0000 - 0x00007ffc6d47e000 	C:\Program Files\Java\jdk-17\bin\msvcp140.dll
0x00007ffc52090000 - 0x00007ffc52c6f000 	C:\Program Files\Java\jdk-17\bin\server\jvm.dll
0x00007ffc8e950000 - 0x00007ffc8e958000 	C:\WINDOWS\System32\PSAPI.DLL
0x00007ffc74890000 - 0x00007ffc74899000 	C:\WINDOWS\SYSTEM32\WSOCK32.dll
0x00007ffc7cdf0000 - 0x00007ffc7ce17000 	C:\WINDOWS\SYSTEM32\WINMM.dll
0x00007ffc8df00000 - 0x00007ffc8df6b000 	C:\WINDOWS\System32\WS2_32.dll
0x00007ffc8a150000 - 0x00007ffc8a162000 	C:\WINDOWS\SYSTEM32\kernel.appcore.dll
0x00007ffc77e80000 - 0x00007ffc77e8a000 	C:\Program Files\Java\jdk-17\bin\jimage.dll
0x00007ffc84440000 - 0x00007ffc84624000 	C:\WINDOWS\SYSTEM32\DBGHELP.DLL
0x00007ffc73c00000 - 0x00007ffc73c34000 	C:\WINDOWS\SYSTEM32\dbgcore.DLL
0x00007ffc8cb80000 - 0x00007ffc8cc02000 	C:\WINDOWS\System32\bcryptPrimitives.dll
0x00007ffc72650000 - 0x00007ffc72675000 	C:\Program Files\Java\jdk-17\bin\java.dll
0x00007ffc61820000 - 0x00007ffc618f7000 	C:\Program Files\Java\jdk-17\bin\jsvml.dll
0x00007ffc8d0b0000 - 0x00007ffc8d81b000 	C:\WINDOWS\System32\SHELL32.dll
0x00007ffc8a350000 - 0x00007ffc8aaee000 	C:\WINDOWS\SYSTEM32\windows.storage.dll
0x00007ffc8cd50000 - 0x00007ffc8d0a3000 	C:\WINDOWS\System32\combase.dll
0x00007ffc8bc20000 - 0x00007ffc8bc4e000 	C:\WINDOWS\SYSTEM32\Wldp.dll
0x00007ffc8d8c0000 - 0x00007ffc8d98d000 	C:\WINDOWS\System32\OLEAUT32.dll
0x00007ffc8dcf0000 - 0x00007ffc8dd9d000 	C:\WINDOWS\System32\SHCORE.dll
0x00007ffc8cc40000 - 0x00007ffc8cc95000 	C:\WINDOWS\System32\shlwapi.dll
0x00007ffc8c1f0000 - 0x00007ffc8c213000 	C:\WINDOWS\SYSTEM32\profapi.dll

dbghelp: loaded successfully - version: 4.0.5 - missing functions: none
symbol engine: initialized successfully - sym options: 0x614 - pdb path: .;C:\Program Files\Java\jdk-17\bin;C:\WINDOWS\SYSTEM32;C:\WINDOWS\WinSxS\amd64_microsoft.windows.common-controls_6595b64144ccf1df_6.0.19041.3636_none_60b6a03d71f818d5;C:\Program Files\Java\jdk-17\bin\server

VM Arguments:
jvm_args: -Dfile.encoding=UTF-8 -Dstdout.encoding=UTF-8 -Dstderr.encoding=UTF-8 --module-path=C:\Users\Computers\eclipse-workspace\SnakeGame\bin -XX:+ShowCodeDetailsInExceptionMessages -Djdk.module.main=SnakeGame 
java_command: SnakeGame/snake.Snakegame
java_class_path (initial): <not set>
Launcher Type: SUN_STANDARD

[Global flags]
     intx CICompilerCount                          = 4                                         {product} {ergonomic}
     uint ConcGCThreads                            = 2                                         {product} {ergonomic}
     uint G1ConcRefinementThreads                  = 8                                         {product} {ergonomic}
   size_t G1HeapRegionSize                         = 1048576                                   {product} {ergonomic}
    uintx GCDrainStackTargetSize                   = 64                                        {product} {ergonomic}
   size_t InitialHeapSize                          = 117440512                                 {product} {ergonomic}
   size_t MarkStackSize                            = 4194304                                   {product} {ergonomic}
   size_t MaxHeapSize                              = 1853882368                                {product} {ergonomic}
   size_t MaxNewSize                               = 1111490560                                {product} {ergonomic}
   size_t MinHeapDeltaBytes                        = 1048576                                   {product} {ergonomic}
   size_t MinHeapSize                              = 8388608                                   {product} {ergonomic}
    uintx NonNMethodCodeHeapSize                   = 5839372                                {pd product} {ergonomic}
    uintx NonProfiledCodeHeapSize                  = 122909434                              {pd product} {ergonomic}
    uintx ProfiledCodeHeapSize                     = 122909434                              {pd product} {ergonomic}
    uintx ReservedCodeCacheSize                    = 251658240                              {pd product} {ergonomic}
     bool SegmentedCodeCache                       = true                                      {product} {ergonomic}
     bool ShowCodeDetailsInExceptionMessages       = true                                   {manageable} {command line}
   size_t SoftMaxHeapSize                          = 1853882368                             {manageable} {ergonomic}
     bool UseCompressedClassPointers               = true                           {product lp64_product} {ergonomic}
     bool UseCompressedOops                        = true                           {product lp64_product} {ergonomic}
     bool UseG1GC                                  = true                                      {product} {ergonomic}
     bool UseLargePagesIndividualAllocation        = false                                  {pd product} {ergonomic}

Logging:
Log output configuration:
 #0: stdout all=warning uptime,level,tags
 #1: stderr all=off uptime,level,tags

Environment Variables:
PATH=C:/Program Files/Java/jdk-17/bin/server;C:/Program Files/Java/jdk-17/bin;C:\Program Files\Common Files\Oracle\Java\javapath;C:\WINDOWS\system32;C:\WINDOWS;C:\WINDOWS\System32\Wbem;C:\WINDOWS\System32\WindowsPowerShell\v1.0\;C:\WINDOWS\System32\OpenSSH\;C:\Program Files\nodejs\;C:\Program Files\Git\cmd;C:\Users\Computers\AppData\Local\Microsoft\WindowsApps;C:\Users\Computers\AppData\Roaming\npm;C:\Users\Computers\AppData\Local\Programs\Microsoft VS Code\bin;;C:\WINDOWS\System32;
USERNAME=Computers
OS=Windows_NT
PROCESSOR_IDENTIFIER=AMD64 Family 23 Model 17 Stepping 0, AuthenticAMD



---------------  S Y S T E M  ---------------

OS:
 Windows 10 , 64 bit Build 19041 (10.0.19041.3636)
OS uptime: 12 days 13:22 hours

CPU: total 8 (initial active 8) (8 cores per cpu, 2 threads per core) family 23 model 17 stepping 0 microcode 0x0, cx8, cmov, fxsr, ht, mmx, 3dnowpref, sse, sse2, sse3, ssse3, sse4a, sse4.1, sse4.2, popcnt, lzcnt, tsc, tscinvbit, avx, avx2, aes, clmul, bmi1, bmi2, adx, sha, fma, vzeroupper, clflush, clflushopt

Memory: 4k page, system-wide physical 7068M (719M free)
TotalPageFile size 28572M (AvailPageFile size 0M)
current process WorkingSet (physical memory assigned to process): 24M, peak: 24M
current process commit charge ("private bytes"): 184M, peak: 184M

vm_info: Java HotSpot(TM) 64-Bit Server VM (17.0.10+11-LTS-240) for windows-amd64 JRE (17.0.10+11-LTS-240), built on Dec 19 2023 21:47:25 by "mach5one" with MS VC++ 17.1 (VS2022)

END.
