#
# There is insufficient memory for the Java Runtime Environment to continue.
# Native memory allocation (mmap) failed to map 117440512 bytes for G1 virtual space
# Possible reasons:
#   The system is out of physical RAM or swap space
#   The process is running with CompressedOops enabled, and the Java Heap may be blocking the growth of the native heap
# Possible solutions:
#   Reduce memory load on the system
#   Increase physical memory or swap space
#   Check if swap backing store is full
#   Decrease Java heap size (-Xmx/-Xms)
#   Decrease number of Java threads
#   Decrease Java thread stack sizes (-Xss)
#   Set larger code cache with -XX:ReservedCodeCacheSize=
#   JVM is running with Unscaled Compressed Oops mode in which the Java heap is
#     placed in the first 4GB address space. The Java Heap base address is the
#     maximum limit for the native heap growth. Please use -XX:HeapBaseMinAddress
#     to set the Java Heap base and to place the Java Heap above 4GB virtual address.
# This output file may be truncated or incomplete.
#
#  Out of Memory Error (os_windows.cpp:3548), pid=26108, tid=26164
#
# JRE version:  (17.0.10+11) (build )
# Java VM: Java HotSpot(TM) 64-Bit Server VM (17.0.10+11-LTS-240, mixed mode, sharing, tiered, compressed oops, compressed class ptrs, g1 gc, windows-amd64)
# No core dump will be written. Minidumps are not enabled by default on client versions of Windows
#

---------------  S U M M A R Y ------------

Command Line: -Dfile.encoding=UTF-8 -Dstdout.encoding=UTF-8 -Dstderr.encoding=UTF-8 --module-path=C:\Users\Computers\eclipse-workspace\SnakeGame\bin -XX:+ShowCodeDetailsInExceptionMessages -Djdk.module.main=SnakeGame SnakeGame/snake.Snakegame

Host: AMD Ryzen 5 2500U with Radeon Vega Mobile Gfx  , 8 cores, 6G,  Windows 10 , 64 bit Build 19041 (10.0.19041.3636)
Time: Fri Apr 26 15:40:59 2024 India Standard Time elapsed time: 0.022919 seconds (0d 0h 0m 0s)

---------------  T H R E A D  ---------------

Current thread (0x000001dd139910d0):  JavaThread "Unknown thread" [_thread_in_vm, id=26164, stack(0x0000001cece00000,0x0000001cecf00000)]

Stack: [0x0000001cece00000,0x0000001cecf00000]
Native frames: (J=compiled Java code, j=interpreted, Vv=VM code, C=native code)
V  [jvm.dll+0x677a5a]
V  [jvm.dll+0x7d8b2d]
V  [jvm.dll+0x7da48e]
V  [jvm.dll+0x7daaf3]
V  [jvm.dll+0x2455ff]
V  [jvm.dll+0x6749b9]
V  [jvm.dll+0x669382]
V  [jvm.dll+0x302e96]
V  [jvm.dll+0x30a416]
V  [jvm.dll+0x359cbe]
V  [jvm.dll+0x359eef]
V  [jvm.dll+0x2d9e88]
V  [jvm.dll+0x2dadf4]
V  [jvm.dll+0x7aa551]
V  [jvm.dll+0x367911]
V  [jvm.dll+0x789639]
V  [jvm.dll+0x3eb30f]
V  [jvm.dll+0x3ecd91]
C  [jli.dll+0x5297]
C  [ucrtbase.dll+0x21bb2]
C  [KERNEL32.DLL+0x17344]
C  [ntdll.dll+0x526b1]


---------------  P R O C E S S  ---------------

Threads class SMR info:
_java_thread_list=0x00007ffc52b46a18, length=0, elements={
}

Java Threads: ( => current thread )

Other Threads:
  0x000001dd139e4120 GCTaskThread "GC Thread#0" [stack: 0x0000001cecf00000,0x0000001ced000000] [id=26168]
  0x000001dd139f4430 ConcurrentGCThread "G1 Main Marker" [stack: 0x0000001ced000000,0x0000001ced100000] [id=26172]
  0x000001dd139f4d50 ConcurrentGCThread "G1 Conc#0" [stack: 0x0000001ced100000,0x0000001ced200000] [id=26176]

[error occurred during error reporting (printing all threads), id 0xc0000005, EXCEPTION_ACCESS_VIOLATION (0xc0000005) at pc=0x00007ffc5237aae7]

VM state: not at safepoint (not fully initialized)

VM Mutex/Monitor currently owned by a thread:  ([mutex/lock_event])
[0x000001dd1398cfe0] Heap_lock - owner thread: 0x000001dd139910d0

Heap address: 0x0000000091800000, size: 1768 MB, Compressed Oops mode: 32-bit

CDS archive(s) mapped at: [0x0000000000000000-0x0000000000000000-0x0000000000000000), size 0, SharedBaseAddress: 0x0000000800000000, ArchiveRelocationMode: 1.
Narrow klass base: 0x0000000000000000, Narrow klass shift: 0, Narrow klass range: 0x0

GC Precious Log:
<Empty>

Heap:
 garbage-first heap   total 0K, used 0K [0x0000000091800000, 0x0000000100000000)
  region size 1024K, 0 young (0K), 0 survivors (0K)

[error occurred during error reporting (printing heap information), id 0xc0000005, EXCEPTION_ACCESS_VIOLATION (0xc0000005) at pc=0x00007ffc52761249]

GC Heap History (0 events):
No events

Deoptimization events (0 events):
No events

Classes unloaded (0 events):
No events

Classes redefined (0 events):
No events

Internal exceptions (0 events):
No events

VM Operations (0 events):
No events

Events (1 events):
Event: 0.011 Loaded shared library C:\Program Files\Java\jdk-17\bin\java.dll


Dynamic libraries:
0x00007ff7bdbe0000 - 0x00007ff7bdbf0000 	C:\Program Files\Java\jdk-17\bin\javaw.exe
0x00007ffc8ec10000 - 0x00007ffc8ee08000 	C:\WINDOWS\SYSTEM32\ntdll.dll
0x00007ffc8da10000 - 0x00007ffc8dacd000 	C:\WINDOWS\System32\KERNEL32.DLL
0x00007ffc8c370000 - 0x00007ffc8c666000 	C:\WINDOWS\System32\KERNELBASE.dll
0x00007ffc8ca10000 - 0x00007ffc8cb10000 	C:\WINDOWS\System32\ucrtbase.dll
0x00007ffc77590000 - 0x00007ffc775ab000 	C:\Program Files\Java\jdk-17\bin\VCRUNTIME140.dll
0x00007ffc84a60000 - 0x00007ffc84a79000 	C:\Program Files\Java\jdk-17\bin\jli.dll
0x00007ffc8cca0000 - 0x00007ffc8cd50000 	C:\WINDOWS\System32\ADVAPI32.dll
0x00007ffc8df70000 - 0x00007ffc8e00e000 	C:\WINDOWS\System32\msvcrt.dll
0x00007ffc8e1a0000 - 0x00007ffc8e240000 	C:\WINDOWS\System32\sechost.dll
0x00007ffc8e010000 - 0x00007ffc8e133000 	C:\WINDOWS\System32\RPCRT4.dll
0x00007ffc8c6c0000 - 0x00007ffc8c6e7000 	C:\WINDOWS\System32\bcrypt.dll
0x00007ffc8dad0000 - 0x00007ffc8dc6f000 	C:\WINDOWS\System32\USER32.dll
0x00007ffc71e60000 - 0x00007ffc720fa000 	C:\WINDOWS\WinSxS\amd64_microsoft.windows.common-controls_6595b64144ccf1df_6.0.19041.3636_none_60b6a03d71f818d5\COMCTL32.dll
0x00007ffc8cc10000 - 0x00007ffc8cc32000 	C:\WINDOWS\System32\win32u.dll
0x00007ffc8ea70000 - 0x00007ffc8ea9b000 	C:\WINDOWS\System32\GDI32.dll
0x00007ffc8c8f0000 - 0x00007ffc8ca07000 	C:\WINDOWS\System32\gdi32full.dll
0x00007ffc8c6f0000 - 0x00007ffc8c78d000 	C:\WINDOWS\System32\msvcp_win.dll
0x00007ffc83ea0000 - 0x00007ffc83eaa000 	C:\WINDOWS\SYSTEM32\VERSION.dll
0x00007ffc8dda0000 - 0x00007ffc8ddd2000 	C:\WINDOWS\System32\IMM32.DLL
0x00007ffc80d80000 - 0x00007ffc80d8c000 	C:\Program Files\Java\jdk-17\bin\vcruntime140_1.dll
0x00007ffc6d3f0000 - 0x00007ffc6d47e000 	C:\Program Files\Java\jdk-17\bin\msvcp140.dll
0x00007ffc52090000 - 0x00007ffc52c6f000 	C:\Program Files\Java\jdk-17\bin\server\jvm.dll
0x00007ffc8e950000 - 0x00007ffc8e958000 	C:\WINDOWS\System32\PSAPI.DLL
0x00007ffc74890000 - 0x00007ffc74899000 	C:\WINDOWS\SYSTEM32\WSOCK32.dll
0x00007ffc7cdf0000 - 0x00007ffc7ce17000 	C:\WINDOWS\SYSTEM32\WINMM.dll
0x00007ffc8df00000 - 0x00007ffc8df6b000 	C:\WINDOWS\System32\WS2_32.dll
0x00007ffc8a150000 - 0x00007ffc8a162000 	C:\WINDOWS\SYSTEM32\kernel.appcore.dll
0x00007ffc77e80000 - 0x00007ffc77e8a000 	C:\Program Files\Java\jdk-17\bin\jimage.dll
0x00007ffc84440000 - 0x00007ffc84624000 	C:\WINDOWS\SYSTEM32\DBGHELP.DLL
0x00007ffc73c00000 - 0x00007ffc73c34000 	C:\WINDOWS\SYSTEM32\dbgcore.DLL
0x00007ffc8cb80000 - 0x00007ffc8cc02000 	C:\WINDOWS\System32\bcryptPrimitives.dll
0x00007ffc72650000 - 0x00007ffc72675000 	C:\Program Files\Java\jdk-17\bin\java.dll

dbghelp: loaded successfully - version: 4.0.5 - missing functions: none
symbol engine: initialized successfully - sym options: 0x614 - pdb path: .;C:\Program Files\Java\jdk-17\bin;C:\WINDOWS\SYSTEM32;C:\WINDOWS\WinSxS\amd64_microsoft.windows.common-controls_6595b64144ccf1df_6.0.19041.3636_none_60b6a03d71f818d5;C:\Program Files\Java\jdk-17\bin\server

VM Arguments:
jvm_args: -Dfile.encoding=UTF-8 -Dstdout.encoding=UTF-8 -Dstderr.encoding=UTF-8 --module-path=C:\Users\Computers\eclipse-workspace\SnakeGame\bin -XX:+ShowCodeDetailsInExceptionMessages -Djdk.module.main=SnakeGame 
java_command: SnakeGame/snake.Snakegame
java_class_path (initial): <not set>
Launcher Type: SUN_STANDARD

[Global flags]
     intx CICompilerCount                          = 4                                         {product} {ergonomic}
     uint ConcGCThreads                            = 2                                         {product} {ergonomic}
     uint G1ConcRefinementThreads                  = 8                                         {product} {ergonomic}
   size_t G1HeapRegionSize                         = 1048576                                   {product} {ergonomic}
    uintx GCDrainStackTargetSize                   = 64                                        {product} {ergonomic}
   size_t InitialHeapSize                          = 117440512                                 {product} {ergonomic}
   size_t MarkStackSize                            = 4194304                                   {product} {ergonomic}
   size_t MaxHeapSize                              = 1853882368                                {product} {ergonomic}
   size_t MinHeapDeltaBytes                        = 1048576                                   {product} {ergonomic}
   size_t MinHeapSize                              = 8388608                                   {product} {ergonomic}
    uintx NonNMethodCodeHeapSize                   = 5839372                                {pd product} {ergonomic}
    uintx NonProfiledCodeHeapSize                  = 122909434                              {pd product} {ergonomic}
    uintx ProfiledCodeHeapSize                     = 122909434                              {pd product} {ergonomic}
    uintx ReservedCodeCacheSize                    = 251658240                              {pd product} {ergonomic}
     bool SegmentedCodeCache                       = true                                      {product} {ergonomic}
     bool ShowCodeDetailsInExceptionMessages       = true                                   {manageable} {command line}
   size_t SoftMaxHeapSize                          = 1853882368                             {manageable} {ergonomic}
     bool UseCompressedClassPointers               = true                           {product lp64_product} {ergonomic}
     bool UseCompressedOops                        = true                           {product lp64_product} {ergonomic}
     bool UseG1GC                                  = true                                      {product} {ergonomic}
     bool UseLargePagesIndividualAllocation        = false                                  {pd product} {ergonomic}

Logging:
Log output configuration:
 #0: stdout all=warning uptime,level,tags
 #1: stderr all=off uptime,level,tags

Environment Variables:
PATH=C:/Program Files/Java/jdk-17/bin/server;C:/Program Files/Java/jdk-17/bin;C:\Program Files\Common Files\Oracle\Java\javapath;C:\WINDOWS\system32;C:\WINDOWS;C:\WINDOWS\System32\Wbem;C:\WINDOWS\System32\WindowsPowerShell\v1.0\;C:\WINDOWS\System32\OpenSSH\;C:\Program Files\nodejs\;C:\Program Files\Git\cmd;C:\Users\Computers\AppData\Local\Microsoft\WindowsApps;C:\Users\Computers\AppData\Roaming\npm;C:\Users\Computers\AppData\Local\Programs\Microsoft VS Code\bin;;C:\WINDOWS\System32;
USERNAME=Computers
OS=Windows_NT
PROCESSOR_IDENTIFIER=AMD64 Family 23 Model 17 Stepping 0, AuthenticAMD



---------------  S Y S T E M  ---------------

OS:
 Windows 10 , 64 bit Build 19041 (10.0.19041.3636)
OS uptime: 12 days 13:17 hours

CPU: total 8 (initial active 8) (8 cores per cpu, 2 threads per core) family 23 model 17 stepping 0 microcode 0x0, cx8, cmov, fxsr, ht, mmx, 3dnowpref, sse, sse2, sse3, ssse3, sse4a, sse4.1, sse4.2, popcnt, lzcnt, tsc, tscinvbit, avx, avx2, aes, clmul, bmi1, bmi2, adx, sha, fma, vzeroupper, clflush, clflushopt

Memory: 4k page, system-wide physical 7068M (421M free)
TotalPageFile size 28572M (AvailPageFile size 60M)
current process WorkingSet (physical memory assigned to process): 10M, peak: 10M
current process commit charge ("private bytes"): 60M, peak: 172M

vm_info: Java HotSpot(TM) 64-Bit Server VM (17.0.10+11-LTS-240) for windows-amd64 JRE (17.0.10+11-LTS-240), built on Dec 19 2023 21:47:25 by "mach5one" with MS VC++ 17.1 (VS2022)

END.
